TN:
SF:constants.ts
FNF:0
FNH:0
DA:1,1
DA:2,1
DA:3,1
DA:4,1
DA:5,1
DA:6,1
DA:7,1
DA:8,1
DA:9,1
DA:10,1
DA:11,1
LF:11
LH:11
BRF:0
BRH:0
end_of_record
TN:
SF:models/pokemonModel.ts
FN:13,PokemonModel
FN:23,getSortedSkills
FNF:2
FNH:2
FNDA:2,PokemonModel
FNDA:2,getSortedSkills
DA:1,1
DA:2,1
DA:3,1
DA:4,1
DA:5,1
DA:6,1
DA:7,1
DA:8,1
DA:9,1
DA:10,1
DA:11,1
DA:12,1
DA:13,1
DA:14,2
DA:15,2
DA:16,2
DA:17,2
DA:18,2
DA:19,2
DA:20,2
DA:21,2
DA:22,1
DA:23,1
DA:24,2
DA:25,2
DA:26,4
DA:27,2
DA:28,2
DA:29,2
DA:30,2
DA:31,2
DA:32,0
DA:33,2
DA:34,2
DA:35,2
DA:36,1
DA:37,1
LF:37
LH:36
BRDA:13,0,0,2
BRDA:23,1,0,2
BRDA:25,2,0,4
BRDA:26,3,0,2
BRDA:32,4,0,0
BRF:5
BRH:4
end_of_record
TN:
SF:models/pokemonSkillDetailsModel.ts
FN:7,PokemonSkillDetails
FNF:1
FNH:1
FNDA:1,PokemonSkillDetails
DA:1,1
DA:2,1
DA:3,1
DA:4,1
DA:5,1
DA:6,1
DA:7,1
DA:8,1
DA:9,1
DA:10,1
DA:11,1
DA:12,1
DA:13,1
DA:14,1
LF:14
LH:14
BRDA:7,0,0,1
BRF:1
BRH:1
end_of_record
TN:
SF:models/pokemonSkillModel.ts
FN:8,PokemonSkill
FNF:1
FNH:1
FNDA:11,PokemonSkill
DA:1,1
DA:2,1
DA:3,1
DA:4,1
DA:5,1
DA:6,1
DA:7,1
DA:8,1
DA:9,11
DA:10,11
DA:11,11
DA:12,11
DA:13,11
DA:14,11
DA:15,11
DA:16,1
LF:16
LH:16
BRDA:8,0,0,11
BRF:1
BRH:1
end_of_record
TN:
SF:models/pokemonStatsModel.ts
FN:6,PokemonStatsModel
FNF:1
FNH:1
FNDA:6,PokemonStatsModel
DA:1,1
DA:2,1
DA:3,1
DA:4,1
DA:5,1
DA:6,1
DA:7,6
DA:8,6
DA:9,6
DA:10,6
DA:11,1
DA:12,1
LF:12
LH:12
BRDA:6,0,0,6
BRF:1
BRH:1
end_of_record
TN:
SF:services/pokemonSearchService.ts
FN:12,PokemonSearchService
FN:16,fetchAllPokemonNames
FN:23,searchPokemonByName
FN:49,filterPokemonNames
FNF:4
FNH:3
FNDA:1,PokemonSearchService
FNDA:0,fetchAllPokemonNames
FNDA:1,searchPokemonByName
FNDA:2,filterPokemonNames
DA:1,1
DA:2,1
DA:3,1
DA:4,1
DA:5,1
DA:6,1
DA:7,1
DA:8,1
DA:9,1
DA:10,1
DA:11,1
DA:12,1
DA:13,1
DA:14,1
DA:15,1
DA:16,1
DA:17,0
DA:18,0
DA:19,0
DA:20,0
DA:21,0
DA:22,1
DA:23,1
DA:24,1
DA:25,1
DA:26,1
DA:27,1
DA:28,1
DA:29,1
DA:30,1
DA:31,1
DA:32,2
DA:33,1
DA:34,1
DA:35,1
DA:36,1
DA:37,1
DA:38,6
DA:39,1
DA:40,1
DA:41,1
DA:42,1
DA:43,1
DA:44,1
DA:45,1
DA:46,1
DA:47,1
DA:48,1
DA:49,1
DA:50,2
DA:51,2252
DA:52,2
DA:53,2
DA:54,1
DA:55,1
DA:56,1
LF:56
LH:51
BRDA:12,0,0,1
BRDA:23,1,0,1
BRDA:31,2,0,2
BRDA:34,3,0,1
BRDA:37,4,0,6
BRDA:49,5,0,2
BRDA:50,6,0,2252
BRF:7
BRH:7
end_of_record
TN:
SF:services/skillSearchService.ts
FN:7,searchAllSkillsDescriptions
FN:20,searchSkillDescription
FN:38,searchSkillDetail
FNF:3
FNH:3
FNDA:1,searchAllSkillsDescriptions
FNDA:1,searchSkillDescription
FNDA:1,searchSkillDetail
DA:1,1
DA:2,1
DA:3,1
DA:4,1
DA:5,1
DA:6,1
DA:7,1
DA:8,1
DA:9,1
DA:10,1
DA:11,1
DA:12,1
DA:13,1
DA:14,1
DA:15,1
DA:16,1
DA:17,1
DA:18,1
DA:19,1
DA:20,1
DA:21,1
DA:22,1
DA:23,1
DA:24,1
DA:25,1
DA:26,1
DA:27,1
DA:28,2
DA:29,1
DA:30,1
DA:31,1
DA:32,1
DA:33,1
DA:34,1
DA:35,1
DA:36,1
DA:37,1
DA:38,1
DA:39,1
DA:40,1
DA:41,1
DA:42,1
DA:43,1
DA:44,1
DA:45,1
DA:46,2
DA:47,1
DA:48,1
DA:49,1
DA:50,1
DA:51,1
DA:52,36
DA:53,1
DA:54,1
DA:55,1
DA:56,1
DA:57,1
DA:58,1
LF:58
LH:58
BRDA:7,0,0,1
BRDA:8,1,0,1
BRDA:14,2,0,1
BRDA:20,3,0,1
BRDA:27,4,0,2
BRDA:28,5,0,1
BRDA:38,6,0,1
BRDA:45,7,0,2
BRDA:46,8,0,1
BRDA:51,9,0,36
BRF:10
BRH:10
end_of_record
